<?xml version="1.0" encoding="UTF-8"?>
<!-- Generated by org.testng.reporters.JUnitReportReporter -->
<testsuite hostname="QSIH-00268" name="com.amp.tests.Test" tests="1" failures="0" timestamp="26 Nov 2015 05:12:09 GMT" time="5.345" errors="0">
  <testcase name="test" time="5.345" classname="com.amp.tests.Test"/>
</testsuite> <!-- com.amp.tests.Test -->
