<?xml version="1.0" encoding="UTF-8"?>
<!-- Generated by org.testng.reporters.JUnitReportReporter -->
<testsuite hostname="QSIH-00268" name="com.amp.tests.ContextClickTest" tests="1" failures="0" timestamp="9 Dec 2015 05:56:34 GMT" time="1.823" errors="0">
  <testcase name="googleaboutRightClick" time="1.823" classname="com.amp.tests.ContextClickTest"/>
</testsuite> <!-- com.amp.tests.ContextClickTest -->
