<?xml version="1.0" encoding="UTF-8"?>
<!-- Generated by org.testng.reporters.JUnitReportReporter -->
<testsuite hostname="QSIH-00268" name="com.amp.tests.TextFile" tests="2" failures="0" timestamp="9 Dec 2015 05:56:34 GMT" time="0.007" errors="0">
  <testcase name="readTextFile" time="0.002" classname="com.amp.tests.TextFile"/>
  <testcase name="createTextFile" time="0.005" classname="com.amp.tests.TextFile"/>
</testsuite> <!-- com.amp.tests.TextFile -->
