<?xml version="1.0" encoding="UTF-8"?>
<!-- Generated by org.testng.reporters.JUnitReportReporter -->
<testsuite hostname="QSIH-00268" name="com.amp.tests.LoginText" tests="1" failures="0" timestamp="29 Nov 2015 05:11:39 GMT" time="6.042" errors="0">
  <testcase name="test" time="6.042" classname="com.amp.tests.LoginText"/>
</testsuite> <!-- com.amp.tests.LoginText -->
