<?xml version="1.0" encoding="UTF-8"?>
<!-- Generated by org.testng.reporters.JUnitReportReporter -->
<testsuite hostname="QSIH-00268" name="com.amp.tests.CustomerAddTest" tests="1" failures="0" timestamp="9 Dec 2015 05:56:34 GMT" time="29.341" errors="0">
  <testcase name="customerAddAndListProj_Cust" time="29.341" classname="com.amp.tests.CustomerAddTest"/>
</testsuite> <!-- com.amp.tests.CustomerAddTest -->
