<?xml version="1.0" encoding="UTF-8"?>
<!-- Generated by org.testng.reporters.JUnitReportReporter -->
<testsuite hostname="QSIH-00268" name="com.amp.tests.LoginText" tests="1" failures="0" timestamp="9 Dec 2015 05:56:34 GMT" time="3.703" errors="0">
  <testcase name="test" time="3.703" classname="com.amp.tests.LoginText"/>
</testsuite> <!-- com.amp.tests.LoginText -->
