<?xml version="1.0" encoding="UTF-8"?>
<!-- Generated by org.testng.reporters.JUnitReportReporter -->
<testsuite hostname="QSIH-00268" name="com.amp.tests.CustAndProjectSearchTest" tests="1" failures="0" timestamp="9 Dec 2015 05:56:34 GMT" time="27.185" errors="0">
  <testcase name="searchCustProject" time="27.185" classname="com.amp.tests.CustAndProjectSearchTest"/>
</testsuite> <!-- com.amp.tests.CustAndProjectSearchTest -->
