<?xml version="1.0" encoding="UTF-8"?>
<!-- Generated by org.testng.reporters.JUnitReportReporter -->
<testsuite hostname="QSIH-00268" name="com.amp.tests.ProjectAddTest" tests="1" failures="0" timestamp="9 Dec 2015 05:56:34 GMT" time="28.135" errors="0">
  <testcase name="addProjectAndListProjCust" time="28.135" classname="com.amp.tests.ProjectAddTest"/>
</testsuite> <!-- com.amp.tests.ProjectAddTest -->
