<?xml version="1.0" encoding="UTF-8"?>
<!-- Generated by org.testng.reporters.JUnitReportReporter -->
<testsuite hostname="QSIH-00268" name="com.amp.tests.ActiLoginTest" tests="1" failures="0" timestamp="9 Dec 2015 05:56:34 GMT" time="26.244" errors="0">
  <testcase name="actiLoginTest" time="26.244" classname="com.amp.tests.ActiLoginTest"/>
</testsuite> <!-- com.amp.tests.ActiLoginTest -->
