<?xml version="1.0" encoding="UTF-8"?>
<!-- Generated by org.testng.reporters.JUnitReportReporter -->
<testsuite hostname="QSIH-00268" name="com.amp.tests.ActiLoginTest" tests="1" failures="0" timestamp="29 Nov 2015 06:45:11 GMT" time="1.173" errors="0">
  <testcase name="actiLoginTest" time="1.173" classname="com.amp.tests.ActiLoginTest"/>
</testsuite> <!-- com.amp.tests.ActiLoginTest -->
